\BOOKMARK [1][-]{section*.4}{\376\377\000D\000a\000n\000h\000\040\000s\000\341\000c\000h\000\040\000K\000\375\000\040\000h\000i\036\307\000u}{}% 1
\BOOKMARK [1][-]{section*.5}{\376\377\000D\000a\000n\000h\000\040\000s\000\341\000c\000h\000\040\000T\036\353\000\040\000v\000i\036\277\000t\000\040\000t\036\257\000t}{}% 2
\BOOKMARK [1][-]{section*.8}{\376\377\000D\000a\000n\000h\000\040\000s\000\341\000c\000h\000\040\000H\000\354\000n\000h\000\040\036\243\000n\000h}{}% 3
\BOOKMARK [1][-]{section*.8}{\376\377\000D\000a\000n\000h\000\040\000s\000\341\000c\000h\000\040\000B\036\243\000n\000g}{}% 4
\BOOKMARK [1][-]{section*.9}{\376\377\000D\000a\000n\000h\000\040\000s\000\341\000c\000h\000\040\000t\000h\000\340\000n\000h\000\040\000v\000i\000\352\000n\000\040\000\046\000\040\000k\000h\036\321\000i\000\040\000l\001\260\036\343\000n\000g\000\040\000c\000\364\000n\000g\000\040\000v\000i\036\307\000c}{}% 5
\BOOKMARK [0][-]{part*.11}{\376\377\0001\000.\000\040\000T\036\325\000n\000g\000\040\000q\000u\000a\000n\000\040\000d\036\361\000\040\000\341\000n}{}% 6
\BOOKMARK [1][-]{section*.12}{\376\377\0001\000.\0001\000.\000\040\000G\000i\036\333\000i\000\040\000t\000h\000i\036\307\000u\000\040\000d\036\361\000\040\000\341\000n}{part*.11}% 7
\BOOKMARK [2][-]{section*.13}{\376\377\0001\000.\0001\000.\0001\000.\000\040\000M\036\345\000c\000\040\001\021\000\355\000c\000h}{section*.12}% 8
\BOOKMARK [2][-]{section*.14}{\376\377\0001\000.\0001\000.\0002\000.\000\040\000B\036\321\000i\000\040\000c\036\243\000n\000h\000\040\000v\000\340\000\040\000l\000\375\000\040\000d\000o\000\040\000c\036\247\000n\000\040\000h\036\307\000\040\000t\000h\036\321\000n\000g}{section*.12}% 9
\BOOKMARK [2][-]{section*.15}{\376\377\0001\000.\0001\000.\0003\000.\000\040\000K\036\363\000\040\000v\036\315\000n\000g\000\040\000v\000\340\000\040\000m\036\345\000c\000\040\000t\000i\000\352\000u}{section*.12}% 10
\BOOKMARK [2][-]{section*.16}{\376\377\0001\000.\0001\000.\0004\000.\000\040\000S\036\243\000n\000\040\000p\000h\036\251\000m\000\040\000b\000\340\000n\000\040\000g\000i\000a\000o}{section*.12}% 11
\BOOKMARK [1][-]{section*.17}{\376\377\0001\000.\0002\000.\000\040\000P\000h\036\241\000m\000\040\000v\000i\000\040\000d\036\361\000\040\000\341\000n}{part*.11}% 12
\BOOKMARK [2][-]{section*.18}{\376\377\0001\000.\0002\000.\0001\000.\000\040\000T\000r\000o\000n\000g\000\040\000p\000h\036\241\000m\000\040\000v\000i}{section*.17}% 13
\BOOKMARK [2][-]{section*.19}{\376\377\0001\000.\0002\000.\0002\000.\000\040\000N\000g\000o\000\340\000i\000\040\000p\000h\036\241\000m\000\040\000v\000i}{section*.17}% 14
\BOOKMARK [2][-]{section*.20}{\376\377\0001\000.\0002\000.\0003\000.\000\040\000R\000\340\000n\000g\000\040\000b\000u\036\331\000c\000\040\000h\036\307\000\040\000t\000h\036\321\000n\000g}{section*.17}% 15
\BOOKMARK [1][-]{section*.21}{\376\377\0001\000.\0003\000.\000\040\000T\000\340\000i\000\040\000l\000i\036\307\000u\000\040\000t\000h\000a\000m\000\040\000k\000h\036\243\000o\000\040\000l\000i\000\352\000n\000\040\000q\000u\000a\000n}{part*.11}% 16
\BOOKMARK [2][-]{section*.22}{\376\377\0001\000.\0003\000.\0001\000.\000\040\000C\000\341\000c\000\040\000n\036\301\000n\000\040\000t\036\243\000n\000g\000\040\000t\001\260\001\241\000n\000g\000\040\000t\036\361}{section*.21}% 17
\BOOKMARK [2][-]{section*.23}{\376\377\0001\000.\0003\000.\0002\000.\000\040\000B\000\340\000i\000\040\000h\036\315\000c\000\040\000r\000\372\000t\000\040\000r\000a}{section*.21}% 18
\BOOKMARK [2][-]{section*.24}{\376\377\0001\000.\0003\000.\0003\000.\000\040\000T\000\355\000n\000h\000\040\000n\001\003\000n\000g\000\040\000t\036\325\000n\000g\000\040\000h\036\343\000p\000\040\000c\000h\000o\000\040\000h\036\307\000\040\000t\000h\036\321\000n\000g}{section*.21}% 19
\BOOKMARK [0][-]{part*.25}{\376\377\0002\000.\000\040\000P\000h\000\342\000n\000\040\000t\000\355\000c\000h\000\040\000y\000\352\000u\000\040\000c\036\247\000u\000\040\000d\036\361\000\040\000\341\000n}{}% 20
\BOOKMARK [1][-]{section*.26}{\376\377\0002\000.\0001\000.\000\040\000T\000\341\000c\000\040\000n\000h\000\342\000n}{part*.25}% 21
\BOOKMARK [2][-]{section*.27}{\376\377\0002\000.\0001\000.\0001\000.\000\040\000T\000\341\000c\000\040\000n\000h\000\342\000n\000\040\000c\000h\000\355\000n\000h}{section*.26}% 22
\BOOKMARK [2][-]{section*.30}{\376\377\0002\000.\0001\000.\0002\000.\000\040\000T\000\341\000c\000\040\000n\000h\000\342\000n\000\040\000p\000h\036\345}{section*.26}% 23
\BOOKMARK [1][-]{section*.34}{\376\377\0002\000.\0002\000.\000\040\000S\001\241\000\040\001\021\036\323\000\040\000u\000s\000e\000c\000a\000s\000e\000\040\000t\000o\000\340\000n\000\040\000h\036\307\000\040\000t\000h\036\321\000n\000g}{part*.25}% 24
\BOOKMARK [1][-]{section*.36}{\376\377\0002\000.\0003\000.\000\040\000U\000s\000e\000r\000\040\000S\000t\000o\000r\000i\000e\000s}{part*.25}% 25
\BOOKMARK [1][-]{section*.72}{\376\377\0002\000.\0004\000.\000\040\000Y\000\352\000u\000\040\000c\036\247\000u\000\040\000c\000h\036\351\000c\000\040\000n\001\003\000n\000g}{part*.25}% 26
\BOOKMARK [2][-]{section*.73}{\376\377\0002\000.\0004\000.\0001\000.\000\040\000M\000o\000d\000u\000l\000e\000\040\000Q\000u\036\243\000n\000\040\000l\000\375\000\040\000T\000\340\000i\000\040\000k\000h\000o\036\243\000n\000\040\000v\000\340\000\040\000H\036\323\000\040\000s\001\241}{section*.72}% 27
\BOOKMARK [2][-]{section*.80}{\376\377\0002\000.\0004\000.\0002\000.\000\040\000M\000o\000d\000u\000l\000e\000\040\001\020\001\003\000n\000g\000\040\000k\000\375\000\040\000c\000h\001\260\001\241\000n\000g\000\040\000t\000r\000\354\000n\000h\000\040\000h\036\315\000c}{section*.72}% 28
\BOOKMARK [2][-]{section*.85}{\376\377\0002\000.\0004\000.\0003\000.\000\040\000M\000o\000d\000u\000l\000e\000\040\000G\000h\000\351\000p\000\040\000c\036\267\000p\000\040\000T\000u\000t\000o\000r\000\040\040\023\000\040\000S\000V}{section*.72}% 29
\BOOKMARK [2][-]{section*.91}{\376\377\0002\000.\0004\000.\0004\000.\000\040\000M\000o\000d\000u\000l\000e\000\040\000Q\000u\036\243\000n\000\040\000l\000\375\000\040\000l\036\313\000c\000h\000\040\000h\036\315\000c}{section*.72}% 30
\BOOKMARK [2][-]{section*.98}{\376\377\0002\000.\0004\000.\0005\000.\000\040\000M\000o\000d\000u\000l\000e\000\040\000T\000h\000\364\000n\000g\000\040\000b\000\341\000o\000\040\000v\000\340\000\040\000n\000h\036\257\000c\000\040\000n\000h\036\337}{section*.72}% 31
\BOOKMARK [2][-]{section*.103}{\376\377\0002\000.\0004\000.\0006\000.\000\040\000M\000o\000d\000u\000l\000e\000\040\000Q\000u\036\243\000n\000\040\000l\000\375\000\040\000b\000u\036\325\000i\000\040\000h\036\315\000c\000\040\000v\000\340\000\040\001\021\000i\036\303\000m\000\040\000d\000a\000n\000h}{section*.72}% 32
\BOOKMARK [2][-]{section*.108}{\376\377\0002\000.\0004\000.\0007\000.\000\040\000M\000o\000d\000u\000l\000e\000\040\000Q\000u\036\243\000n\000\040\000l\000\375\000\040\000t\000\340\000i\000\040\000l\000i\036\307\000u\000\040\000h\036\315\000c\000\040\000t\036\255\000p}{section*.72}% 33
\BOOKMARK [2][-]{section*.113}{\376\377\0002\000.\0004\000.\0008\000.\000\040\000M\000o\000d\000u\000l\000e\000\040\001\020\000\341\000n\000h\000\040\000g\000i\000\341\000\040\000v\000\340\000\040\000p\000h\036\243\000n\000\040\000h\036\323\000i}{section*.72}% 34
\BOOKMARK [2][-]{section*.120}{\376\377\0002\000.\0004\000.\0009\000.\000\040\000M\000o\000d\000u\000l\000e\000\040\000T\000h\036\321\000n\000g\000\040\000k\000\352\000\040\000v\000\340\000\040\000b\000\341\000o\000\040\000c\000\341\000o}{section*.72}% 35
\BOOKMARK [2][-]{section*.127}{\376\377\0002\000.\0004\000.\0001\0000\000.\000\040\000M\000o\000d\000u\000l\000e\000\040\000C\000h\001\260\001\241\000n\000g\000\040\000t\000r\000\354\000n\000h\000\040\000h\036\315\000c\000\040\000t\000h\000u\036\255\000t\000\040\000v\000\340\000\040\000p\000h\000i\000\040\000h\036\315\000c\000\040\000t\000h\000u\036\255\000t}{section*.72}% 36
\BOOKMARK [1][-]{section*.134}{\376\377\0002\000.\0005\000.\000\040\000Y\000\352\000u\000\040\000c\036\247\000u\000\040\000p\000h\000i\000\040\000c\000h\036\351\000c\000\040\000n\001\003\000n\000g}{part*.25}% 37
\BOOKMARK [2][-]{section*.135}{\376\377\0002\000.\0005\000.\0001\000.\000\040\000H\000i\036\307\000u\000\040\000n\001\003\000n\000g\000\040\000\050\000P\000e\000r\000f\000o\000r\000m\000a\000n\000c\000e\000\040\000R\000e\000q\000u\000i\000r\000e\000m\000e\000n\000t\000s\000\051}{section*.134}% 38
\BOOKMARK [2][-]{section*.136}{\376\377\0002\000.\0005\000.\0002\000.\000\040\000H\000i\036\307\000u\000\040\000n\001\003\000n\000g\000\040\000\050\000P\000e\000r\000f\000o\000r\000m\000a\000n\000c\000e\000\040\000R\000e\000q\000u\000i\000r\000e\000m\000e\000n\000t\000s\000\051}{section*.134}% 39
\BOOKMARK [2][-]{section*.137}{\376\377\0002\000.\0005\000.\0003\000.\000\040\000T\000\355\000n\000h\000\040\000t\000i\000n\000\040\000c\036\255\000y\000\040\000\046\000\040\000s\036\265\000n\000\040\000s\000\340\000n\000g\000\040\000\050\000R\000e\000l\000i\000a\000b\000i\000l\000i\000t\000y\000\040\000\046\000\040\000A\000v\000a\000i\000l\000a\000b\000i\000l\000i\000t\000y\000\051}{section*.134}% 40
\BOOKMARK [2][-]{section*.138}{\376\377\0002\000.\0005\000.\0004\000.\000\040\000K\000h\036\243\000\040\000n\001\003\000n\000g\000\040\000s\036\355\000\040\000d\036\345\000n\000g\000\040\000\050\000U\000s\000a\000b\000i\000l\000i\000t\000y\000\051}{section*.134}% 41
\BOOKMARK [2][-]{section*.139}{\376\377\0002\000.\0005\000.\0005\000.\000\040\000T\000\355\000n\000h\000\040\000b\036\243\000o\000\040\000t\000r\000\354\000\040\000\046\000\040\000m\036\337\000\040\000r\036\331\000n\000g\000\040\000\050\000M\000a\000i\000n\000t\000a\000i\000n\000a\000b\000i\000l\000i\000t\000y\000\040\000\046\000\040\000E\000x\000t\000e\000n\000s\000i\000b\000i\000l\000i\000t\000y\000\051}{section*.134}% 42
\BOOKMARK [2][-]{section*.140}{\376\377\0002\000.\0005\000.\0006\000.\000\040\000K\000h\036\243\000\040\000n\001\003\000n\000g\000\040\000t\001\260\001\241\000n\000g\000\040\000t\000h\000\355\000c\000h\000\040\000\050\000C\000o\000m\000p\000a\000t\000i\000b\000i\000l\000i\000t\000y\000\051}{section*.134}% 43
\BOOKMARK [2][-]{section*.141}{\376\377\0002\000.\0005\000.\0007\000.\000\040\000R\000\340\000n\000g\000\040\000b\000u\036\331\000c\000\040\000k\036\371\000\040\000t\000h\000u\036\255\000t\000\040\000\050\000T\000e\000c\000h\000n\000i\000c\000a\000l\000\040\000C\000o\000n\000s\000t\000r\000a\000i\000n\000t\000s\000\051}{section*.134}% 44
\BOOKMARK [0][-]{part*.142}{\376\377\0003\000.\000\040\000M\000\364\000\040\000h\000\354\000n\000h\000\040\000h\000\363\000a\000\040\000h\036\307\000\040\000t\000h\036\321\000n\000g}{}% 45
\BOOKMARK [1][-]{section*.143}{\376\377\0003\000.\0001\000.\000\040\000S\001\241\000\040\001\021\036\323\000\040\000h\000o\036\241\000t\000\040\001\021\036\331\000n\000g\000\040\000v\000\340\000\040\000s\001\241\000\040\001\021\036\323\000\040\000t\000u\036\247\000n\000\040\000t\036\361}{part*.142}% 46
\BOOKMARK [2][-]{section*.144}{\376\377\0003\000.\0001\000.\0001\000.\000\040\000U\000s\000e\000\040\000C\000a\000s\000e\000\040\0000\0001\000:\000\040\001\020\001\003\000n\000g\000\040\000k\000\375\000\040\000t\000\340\000i\000\040\000k\000h\000o\036\243\000n}{section*.143}% 47
\BOOKMARK [2][-]{section*.147}{\376\377\0003\000.\0001\000.\0002\000.\000\040\000U\000s\000e\000\040\000C\000a\000s\000e\000\040\0000\0002\000:\000\040\001\020\001\003\000n\000g\000\040\000n\000h\036\255\000p}{section*.143}% 48
\BOOKMARK [2][-]{section*.150}{\376\377\0003\000.\0001\000.\0003\000.\000\040\000U\000s\000e\000\040\000C\000a\000s\000e\000\040\0000\0003\000:\000\040\000C\036\255\000p\000\040\000n\000h\036\255\000t\000\040\000h\036\323\000\040\000s\001\241}{section*.143}% 49
\BOOKMARK [2][-]{section*.153}{\376\377\0003\000.\0001\000.\0004\000.\000\040\000U\000s\000e\000\040\000C\000a\000s\000e\000\040\0000\0004\000:\000\040\001\020\001\003\000n\000g\000\040\000k\000\375\000\040\000m\000\364\000n\000\040\000h\036\315\000c}{section*.143}% 50
\BOOKMARK [2][-]{section*.156}{\376\377\0003\000.\0001\000.\0005\000.\000\040\000U\000s\000e\000\040\000C\000a\000s\000e\000\040\0000\0005\000:\000\040\000H\036\347\000y\000\040\001\021\001\003\000n\000g\000\040\000k\000\375\000\040\000m\000\364\000n\000\040\000h\036\315\000c}{section*.143}% 51
\BOOKMARK [2][-]{section*.159}{\376\377\0003\000.\0001\000.\0006\000.\000\040\000U\000s\000e\000\040\000C\000a\000s\000e\000\040\0000\0006\000:\000\040\000G\000h\000\351\000p\000\040\000t\000h\036\347\000\040\000c\000\364\000n\000g\000\040\000\050\000S\000V\000\040\000c\000h\036\315\000n\000\040\000T\000u\000t\000o\000r\000\051}{section*.143}% 52
\BOOKMARK [2][-]{section*.162}{\376\377\0003\000.\0001\000.\0007\000.\000\040\000U\000s\000e\000\040\000C\000a\000s\000e\000\040\0000\0007\000:\000\040\000G\000h\000\351\000p\000\040\000t\036\361\000\040\001\021\036\331\000n\000g\000\040\000\050\000H\036\307\000\040\000t\000h\036\321\000n\000g\000\040\001\021\036\301\000\040\000x\000u\036\245\000t\000\040\000T\000u\000t\000o\000r\000\051}{section*.143}% 53
\BOOKMARK [2][-]{section*.165}{\376\377\0003\000.\0001\000.\0008\000.\000\040\000U\000s\000e\000\040\000C\000a\000s\000e\000\040\0000\0008\000:\000\040\000T\000h\000i\036\277\000t\000\040\000l\036\255\000p\000\040\000l\036\313\000c\000h\000\040\000d\036\241\000y\000\040\000\050\000T\000u\000t\000o\000r\000\051}{section*.143}% 54
\BOOKMARK [2][-]{section*.168}{\376\377\0003\000.\0001\000.\0009\000.\000\040\000U\000s\000e\000\040\000C\000a\000s\000e\000\040\0000\0009\000:\000\040\001\020\036\267\000t\000\040\000l\036\313\000c\000h\000\040\000h\036\315\000c\000\040\000\050\000S\000V\000\051}{section*.143}% 55
\BOOKMARK [2][-]{section*.171}{\376\377\0003\000.\0001\000.\0001\0000\000.\000\040\000U\000s\000e\000\040\000C\000a\000s\000e\000\040\0001\0000\000:\000\040\000H\036\347\000y\000/\001\020\036\325\000i\000\040\000l\036\313\000c\000h\000\040\000h\036\315\000c\000\040\000c\036\321\000\040\001\021\036\313\000n\000h}{section*.143}% 56
\BOOKMARK [2][-]{section*.174}{\376\377\0003\000.\0001\000.\0001\0001\000.\000\040\000U\000s\000e\000\040\000C\000a\000s\000e\000\040\0001\0001\000:\000\040\000G\036\355\000i\000\040\000t\000h\000\364\000n\000g\000\040\000b\000\341\000o\000\040\000l\036\313\000c\000h\000\040\000h\036\315\000c}{section*.143}% 57
\BOOKMARK [2][-]{section*.177}{\376\377\0003\000.\0001\000.\0001\0002\000.\000\040\000U\000s\000e\000\040\000C\000a\000s\000e\000\040\0001\0002\000:\000\040\000G\036\355\000i\000\040\000n\000h\036\257\000c\000\040\000n\000h\036\337\000\040\000b\000u\036\325\000i\000\040\000h\036\315\000c}{section*.143}% 58
\BOOKMARK [2][-]{section*.180}{\376\377\0003\000.\0001\000.\0001\0003\000.\000\040\000U\000s\000e\000\040\000C\000a\000s\000e\000\040\0001\0003\000:\000\040\001\020\000i\036\303\000m\000\040\000d\000a\000n\000h\000\040\000s\000i\000n\000h\000\040\000v\000i\000\352\000n}{section*.143}% 59
\BOOKMARK [2][-]{section*.183}{\376\377\0003\000.\0001\000.\0001\0004\000.\000\040\000U\000s\000e\000\040\000C\000a\000s\000e\000\040\0001\0004\000:\000\040\000C\036\255\000p\000\040\000n\000h\036\255\000t\000\040\000t\000r\036\241\000n\000g\000\040\000t\000h\000\341\000i\000\040\000b\000u\036\325\000i\000\040\000h\036\315\000c}{section*.143}% 60
\BOOKMARK [2][-]{section*.186}{\376\377\0003\000.\0001\000.\0001\0005\000.\000\040\000U\000s\000e\000\040\000C\000a\000s\000e\000\040\0001\0005\000:\000\040\000Q\000u\036\243\000n\000\040\000l\000\375\000\040\000t\000\340\000i\000\040\000l\000i\036\307\000u\000\040\000\050\000T\000u\000t\000o\000r\000\051}{section*.143}% 61
\BOOKMARK [2][-]{section*.189}{\376\377\0003\000.\0001\000.\0001\0006\000.\000\040\000U\000s\000e\000\040\000C\000a\000s\000e\000\040\0001\0006\000:\000\040\000S\000V\000\040\000t\036\243\000i\000\040\000t\000\340\000i\000\040\000l\000i\036\307\000u}{section*.143}% 62
\BOOKMARK [2][-]{section*.192}{\376\377\0003\000.\0001\000.\0001\0007\000.\000\040\000U\000s\000e\000\040\000C\000a\000s\000e\000\040\0001\0007\000:\000\040\000S\000V\000\040\001\021\000\341\000n\000h\000\040\000g\000i\000\341\000\040\000T\000u\000t\000o\000r}{section*.143}% 63
\BOOKMARK [2][-]{section*.195}{\376\377\0003\000.\0001\000.\0001\0008\000.\000\040\000U\000s\000e\000\040\000C\000a\000s\000e\000\040\0001\0008\000:\000\040\000T\000u\000t\000o\000r\000\040\001\021\000\341\000n\000h\000\040\000g\000i\000\341\000\040\000s\000i\000n\000h\000\040\000v\000i\000\352\000n}{section*.143}% 64
\BOOKMARK [2][-]{section*.198}{\376\377\0003\000.\0001\000.\0001\0009\000.\000\040\000U\000s\000e\000\040\000C\000a\000s\000e\000\040\0001\0009\000:\000\040\000K\000h\000o\000a\000/\000B\000M\000\040\000t\036\325\000n\000g\000\040\000h\036\343\000p\000\040\001\021\000\341\000n\000h\000\040\000g\000i\000\341}{section*.143}% 65
\BOOKMARK [2][-]{section*.201}{\376\377\0003\000.\0001\000.\0002\0000\000.\000\040\000U\000s\000e\000\040\000C\000a\000s\000e\000\040\0002\0000\000:\000\040\000B\000\341\000o\000\040\000c\000\341\000o\000\040\000k\036\277\000t\000\040\000q\000u\036\243\000\040\000h\036\315\000c\000\040\000t\036\255\000p\000\040\000S\000V}{section*.143}% 66
\BOOKMARK [2][-]{section*.204}{\376\377\0003\000.\0001\000.\0002\0001\000.\000\040\000U\000s\000e\000\040\000C\000a\000s\000e\000\040\0002\0001\000:\000\040\000B\000\341\000o\000\040\000c\000\341\000o\000\040\000c\000h\036\245\000t\000\040\000l\001\260\036\343\000n\000g\000\040\000T\000u\000t\000o\000r}{section*.143}% 67
\BOOKMARK [2][-]{section*.207}{\376\377\0003\000.\0001\000.\0002\0002\000.\000\040\000U\000s\000e\000\040\000C\000a\000s\000e\000\040\0002\0002\000:\000\040\000B\000\341\000o\000\040\000c\000\341\000o\000\040\000t\036\325\000n\000g\000\040\000h\036\343\000p\000\040\000\050\000K\000h\000o\000a\000,\000\040\000P\000C\000T\000S\000V\000,\000\040\000P\001\020\000T\000\051}{section*.143}% 68
\BOOKMARK [2][-]{section*.210}{\376\377\0003\000.\0001\000.\0002\0003\000.\000\040\000U\000s\000e\000\040\000C\000a\000s\000e\000\040\0002\0003\000:\000\040\000T\000u\000t\000o\000r\000\040\000t\036\241\000o\000\040\000c\000h\001\260\001\241\000n\000g\000\040\000t\000r\000\354\000n\000h\000\040\000h\036\315\000c}{section*.143}% 69
\BOOKMARK [2][-]{section*.213}{\376\377\0003\000.\0001\000.\0002\0004\000.\000\040\000U\000s\000e\000\040\000C\000a\000s\000e\000\040\0002\0004\000:\000\040\000S\000V\000\040\001\021\001\003\000n\000g\000\040\000k\000\375\000\040\000c\000h\001\260\001\241\000n\000g\000\040\000t\000r\000\354\000n\000h\000\040\000h\036\315\000c\000\040\000t\000h\000u\036\255\000t}{section*.143}% 70
\BOOKMARK [2][-]{section*.216}{\376\377\0003\000.\0001\000.\0002\0005\000.\000\040\000U\000s\000e\000\040\000C\000a\000s\000e\000\040\0002\0005\000:\000\040\000S\000V\000\040\001\021\001\003\000n\000g\000\040\000k\000\375\000\040\000c\000h\001\260\001\241\000n\000g\000\040\000t\000r\000\354\000n\000h\000\040\000p\000h\000i\000\040\000h\036\315\000c\000\040\000t\000h\000u\036\255\000t}{section*.143}% 71
\BOOKMARK [1][-]{section*.219}{\376\377\0003\000.\0002\000.\000\040\000G\000i\000a\000o\000\040\000d\000i\036\307\000n}{part*.142}% 72
\BOOKMARK [2][-]{section*.220}{\376\377\0003\000.\0002\000.\0001\000.\000\040\001\020\001\003\000n\000g\000\040\000k\000\375\000\040\000v\000\340\000\040\001\021\001\003\000n\000g\000\040\000n\000h\036\255\000p}{section*.219}% 73
\BOOKMARK [2][-]{section*.223}{\376\377\0003\000.\0002\000.\0002\000.\000\040\000G\000i\000a\000o\000\040\000d\000i\036\307\000n\000\040\000d\000\340\000n\000h\000\040\000c\000h\000o\000\040\000s\000i\000n\000h\000\040\000v\000i\000\352\000n}{section*.219}% 74
\BOOKMARK [2][-]{section*.243}{\376\377\0003\000.\0002\000.\0003\000.\000\040\000G\000i\000a\000o\000\040\000d\000i\036\307\000n\000\040\000d\000\340\000n\000h\000\040\000c\000h\000o\000\040\000T\000u\000t\000o\000r}{section*.219}% 75
\BOOKMARK [0][-]{part*.282}{\376\377\0004\000.\000\040\000T\000r\000i\036\303\000n\000\040\000k\000h\000a\000i\000\040\000h\036\307\000\040\000t\000h\036\321\000n\000g}{}% 76
\BOOKMARK [1][-]{section*.283}{\376\377\0004\000.\0001\000.\000\040\000S\001\241\000\040\001\021\036\323\000\040\000t\000r\000i\036\303\000n\000\040\000k\000h\000a\000i\000\040\000\050\000D\000e\000p\000l\000o\000y\000m\000e\000n\000t\000\040\000V\000i\000e\000w\000\051}{part*.282}% 77
\BOOKMARK [2][-]{section*.284}{\376\377\0004\000.\0001\000.\0001\000\040\000G\000i\036\333\000i\000\040\000t\000h\000i\036\307\000u}{section*.283}% 78
\BOOKMARK [2][-]{section*.285}{\376\377\0004\000.\0001\000.\0002\000.\000\040\000S\001\241\000\040\001\021\036\323\000\040\000t\000r\000i\036\303\000n\000\040\000k\000h\000a\000i\000\040\000h\036\307\000\040\000t\000h\036\321\000n\000g}{section*.283}% 79
\BOOKMARK [2][-]{section*.287}{\376\377\0004\000.\0001\000.\0003\000.\000\040\000M\000\364\000\040\000t\036\243\000\040\000c\000\341\000c\000\040\000t\000h\000\340\000n\000h\000\040\000p\000h\036\247\000n}{section*.283}% 80
\BOOKMARK [2][-]{section*.289}{\376\377\0004\000.\0001\000.\0004\000.\000\040\000L\000u\036\323\000n\000g\000\040\000h\000o\036\241\000t\000\040\001\021\036\331\000n\000g}{section*.283}% 81
\BOOKMARK [1][-]{section*.290}{\376\377\0004\000.\0002\000.\000\040\000S\001\241\000\040\001\021\036\323\000\040\000p\000h\000\341\000t\000\040\000t\000r\000i\036\303\000n\000\040\000\050\000D\000e\000v\000e\000l\000o\000p\000m\000e\000n\000t\000\040\000V\000i\000e\000w\000\051}{part*.282}% 82
\BOOKMARK [2][-]{section*.291}{\376\377\0004\000.\0002\000.\0001\000\040\000G\000i\036\333\000i\000\040\000t\000h\000i\036\307\000u}{section*.290}% 83
\BOOKMARK [2][-]{section*.292}{\376\377\0004\000.\0002\000.\0002\000.\000\040\000S\001\241\000\040\001\021\036\323\000\040\000g\000\363\000i\000\040\000\050\000P\000a\000c\000k\000a\000g\000e\000\040\000D\000i\000a\000g\000r\000a\000m\000\051}{section*.290}% 84
\BOOKMARK [2][-]{section*.294}{\376\377\0004\000.\0002\000.\0003\000.\000\040\000M\000\364\000\040\000t\036\243\000\040\000c\000\341\000c\000\040\000g\000\363\000i}{section*.290}% 85
\BOOKMARK [2][-]{section*.296}{\376\377\0004\000.\0002\000.\0004\000.\000\040\000L\000u\036\323\000n\000g\000\040\000x\036\355\000\040\000l\000\375\000\040\000d\036\357\000\040\000l\000i\036\307\000u\000\040\000q\000u\000a\000\040\000c\000\341\000c\000\040\000l\036\333\000p}{section*.290}% 86
\BOOKMARK [1][-]{section*.297}{\376\377\0004\000.\0003\000.\000\040\000S\001\241\000\040\001\021\036\323\000\040\000l\036\333\000p\000\040\000c\000h\000i\000\040\000t\000i\036\277\000t\000\040\000\050\000D\000e\000t\000a\000i\000l\000e\000d\000\040\000C\000l\000a\000s\000s\000\040\000D\000i\000a\000g\000r\000a\000m\000\051}{part*.282}% 87
\BOOKMARK [2][-]{section*.298}{\376\377\0004\000.\0003\000.\0001\000.\000\040\000G\000i\036\333\000i\000\040\000t\000h\000i\036\307\000u}{section*.297}% 88
\BOOKMARK [2][-]{section*.299}{\376\377\0004\000.\0003\000.\0002\000.\000\040\000S\001\241\000\040\001\021\036\323\000\040\000l\036\333\000p\000\040\000c\000h\000i\000\040\000t\000i\036\277\000t\000\040\000c\036\347\000a\000\040\000h\036\307\000\040\000t\000h\036\321\000n\000g}{section*.297}% 89
\BOOKMARK [2][-]{section*.301}{\376\377\0004\000.\0003\000.\0003\000.\000\040\000M\000\364\000\040\000t\036\243\000\040\000c\036\345\000m\000\040\000c\000h\036\351\000c\000\040\000n\001\003\000n\000g}{section*.297}% 90
\BOOKMARK [1][-]{section*.302}{\376\377\0004\000.\0004\000.\000\040\000M\000\364\000\040\000t\036\243\000\040\000c\000\341\000c\000\040\000l\036\333\000p\000\040\000c\000h\000i\000\040\000t\000i\036\277\000t\000\040\000v\000\340\000\040\000p\000h\001\260\001\241\000n\000g\000\040\000t\000h\036\351\000c}{part*.282}% 91
\BOOKMARK [2][-]{section*.303}{\376\377\0004\000.\0004\000.\0001\000.\000\040\000C\036\345\000m\000\040\000Q\000u\036\243\000n\000\040\000l\000\375\000\040\000N\000g\001\260\036\335\000i\000\040\000d\000\371\000n\000g\000\040\000\050\000U\000s\000e\000r\000\040\000M\000a\000n\000a\000g\000e\000m\000e\000n\000t\000\051}{section*.302}% 92
\BOOKMARK [2][-]{section*.308}{\376\377\0004\000.\0004\000.\0002\000.\000\040\000C\036\345\000m\000\040\000K\000h\000\363\000a\000\040\000h\036\315\000c\000\040\000v\000\340\000\040\001\020\001\003\000n\000g\000\040\000k\000\375\000\040\000\050\000C\000o\000u\000r\000s\000e\000\040\000\046\000\040\000R\000e\000g\000i\000s\000t\000r\000a\000t\000i\000o\000n\000\051}{section*.302}% 93
\BOOKMARK [2][-]{section*.313}{\376\377\0004\000.\0004\000.\0003\000.\000\040\000C\036\345\000m\000\040\000L\036\313\000c\000h\000\040\000t\000r\000\354\000n\000h\000\040\000v\000\340\000\040\000L\036\333\000p\000\040\000h\036\315\000c\000\040\000\050\000S\000c\000h\000e\000d\000u\000l\000i\000n\000g\000\040\000\046\000\040\000C\000l\000a\000s\000s\000\051}{section*.302}% 94
\BOOKMARK [2][-]{section*.316}{\376\377\0004\000.\0004\000.\0004\000.\000\040\000C\036\345\000m\000\040\001\020\000\341\000n\000h\000\040\000g\000i\000\341\000\040\000v\000\340\000\040\000H\036\327\000\040\000t\000r\036\343\000\040\000\050\000F\000e\000e\000d\000b\000a\000c\000k\000\040\000\046\000\040\000S\000u\000p\000p\000o\000r\000t\000\051}{section*.302}% 95
\BOOKMARK [1][-]{section*.319}{\376\377\0004\000.\0005\000.\000\040\000K\000i\036\277\000n\000\040\000t\000r\000\372\000c\000\040\000h\036\307\000\040\000t\000h\036\321\000n\000g\000\040\000v\000\340\000\040\000C\000\364\000n\000g\000\040\000n\000g\000h\036\307\000\040\000s\036\355\000\040\000d\036\345\000n\000g}{part*.282}% 96
\BOOKMARK [2][-]{section*.320}{\376\377\0004\000.\0005\000.\0001\000.\000\040\000T\036\325\000n\000g\000\040\000q\000u\000a\000n\000\040\000k\000i\036\277\000n\000\040\000t\000r\000\372\000c}{section*.319}% 97
\BOOKMARK [2][-]{section*.321}{\376\377\0004\000.\0005\000.\0002\000.\000\040\000F\000r\000o\000n\000t\000e\000n\000d\000\040\000\050\000P\000h\000\355\000a\000\040\000n\000g\001\260\036\335\000i\000\040\000d\000\371\000n\000g\000\051}{section*.319}% 98
\BOOKMARK [2][-]{section*.322}{\376\377\0004\000.\0005\000.\0003\000.\000\040\000B\000a\000c\000k\000e\000n\000d\000\040\000\050\000P\000h\000\355\000a\000\040\000m\000\341\000y\000\040\000c\000h\036\347\000\051}{section*.319}% 99
\BOOKMARK [2][-]{section*.323}{\376\377\0004\000.\0005\000.\0004\000.\000\040\000H\036\241\000\040\000t\036\247\000n\000g\000\040\000\050\000D\000e\000v\000O\000p\000s\000\051\000\040\000v\000\340\000\040\000Q\000u\036\243\000n\000\040\000l\000\375\000\040\000m\000\343\000\040\000n\000g\000u\036\323\000n}{section*.319}% 100
\BOOKMARK [2][-]{section*.324}{\376\377\0004\000.\0005\000.\0005\000.\000\040\000L\001\260\000u\000\040\000\375\000\040\000v\036\301\000\040\000t\000r\000i\036\303\000n\000\040\000k\000h\000a\000i\000\040\000M\000o\000n\000o\000r\000e\000p\000o}{section*.319}% 101
\BOOKMARK [1][-]{section*.325}{\376\377\0004\000.\0006\000.\000\040\000C\036\245\000u\000\040\000t\000r\000\372\000c\000\040\000m\000\343\000\040\000n\000g\000u\036\323\000n}{part*.282}% 102
\BOOKMARK [2][-]{section*.326}{\376\377\0004\000.\0006\000.\0001\000.\000\040\000T\000h\001\260\000\040\000m\036\345\000c\000\040\000w\000e\000b\000a\000p\000p\000\040\000\050\000F\000r\000o\000n\000t\000e\000n\000d\000\051}{section*.325}% 103
\BOOKMARK [2][-]{section*.327}{\376\377\0004\000.\0006\000.\0002\000.\000\040\000T\000h\001\260\000\040\000m\036\345\000c\000\040\000w\000e\000b\000s\000e\000r\000v\000e\000r\000\040\000\050\000B\000a\000c\000k\000e\000n\000d\000\051}{section*.325}% 104
\BOOKMARK [2][-]{section*.328}{\376\377\0004\000.\0006\000.\0003\000.\000\040\000C\000\341\000c\000\040\000c\000h\036\351\000c\000\040\000n\001\003\000n\000g\000\040\000c\000h\000\355\000n\000h\000\040\001\021\000\343\000\040\000t\000r\000i\036\303\000n\000\040\000k\000h\000a\000i}{section*.325}% 105
\BOOKMARK [0][-]{part*.330}{\376\377\0005\000.\000\040\000W\000o\000r\000k\000i\000n\000g\000\040\000D\000e\000m\000o\000n\000s\000t\000r\000a\000t\000i\000o\000n}{}% 106
\BOOKMARK [1][-]{section*.331}{\376\377\0005\000.\0001\000.\000\040\000L\000u\036\323\000n\000g\000\040\000s\036\355\000\040\000d\036\345\000n\000g\000\040\000c\036\347\000a\000\040\000s\000i\000n\000h\000\040\000v\000i\000\352\000n}{part*.330}% 107
\BOOKMARK [2][-]{section*.332}{\376\377\0005\000.\0001\000.\0001\000.\000\040\001\020\001\003\000n\000g\000\040\000k\000\375\000/\001\020\001\003\000n\000g\000\040\000n\000h\036\255\000p\000\040\000t\000\340\000i\000\040\000k\000h\000o\036\243\000n}{section*.331}% 108
\BOOKMARK [2][-]{section*.335}{\376\377\0005\000.\0001\000.\0002\000.\000\040\000X\000\341\000c\000\040\000t\000h\036\361\000c\000\040\000E\000m\000a\000i\000l}{section*.331}% 109
\BOOKMARK [2][-]{section*.337}{\376\377\0005\000.\0001\000.\0003\000.\000\040\000T\000r\000a\000n\000g\000\040\000c\000h\036\347}{section*.331}% 110
\BOOKMARK [2][-]{section*.339}{\376\377\0005\000.\0001\000.\0004\000.\000\040\000C\036\255\000p\000\040\000n\000h\036\255\000t\000\040\000h\036\323\000\040\000s\001\241}{section*.331}% 111
\BOOKMARK [2][-]{section*.343}{\376\377\0005\000.\0001\000.\0005\000.\000\040\001\020\001\003\000n\000g\000\040\000k\000\375\000\040\000m\000\364\000n\000\040\000h\036\315\000c}{section*.331}% 112
\BOOKMARK [2][-]{section*.347}{\376\377\0005\000.\0001\000.\0006\000.\000\040\000T\000\354\000m\000\040\000T\000u\000t\000o\000r}{section*.331}% 113
\BOOKMARK [1][-]{section*.351}{\376\377\0005\000.\0001\000.\000\040\000L\000u\036\323\000n\000g\000\040\000s\036\355\000\040\000d\036\345\000n\000g\000\040\000c\036\347\000a\000\040\000T\000u\000t\000o\000r}{part*.330}% 114
\BOOKMARK [2][-]{section*.352}{\376\377\0005\000.\0002\000.\0001\000.\000\040\001\020\001\003\000n\000g\000\040\000k\000\375\000/\001\020\001\003\000n\000g\000\040\000n\000h\036\255\000p\000\040\000t\000\340\000i\000\040\000k\000h\000o\036\243\000n}{section*.351}% 115
\BOOKMARK [2][-]{section*.355}{\376\377\0005\000.\0002\000.\0002\000.\000\040\000X\000\341\000c\000\040\000t\000h\036\361\000c\000\040\000E\000m\000a\000i\000l}{section*.351}% 116
\BOOKMARK [2][-]{section*.357}{\376\377\0005\000.\0002\000.\0003\000.\000\040\000T\000r\000a\000n\000g\000\040\000c\000h\036\347}{section*.351}% 117
\BOOKMARK [2][-]{section*.359}{\376\377\0005\000.\0002\000.\0004\000.\000\040\000C\036\255\000p\000\040\000n\000h\036\255\000t\000\040\000h\036\323\000\040\000s\001\241}{section*.351}% 118
\BOOKMARK [2][-]{section*.363}{\376\377\0005\000.\0002\000.\0005\000.\000\040\000T\000h\000i\036\277\000t\000\040\000l\036\255\000p\000\040\000l\036\313\000c\000h\000\040\000d\036\241\000y}{section*.351}% 119
\BOOKMARK [0][-]{part*.371}{\376\377\0006\000.\000\040\000K\000i\036\303\000m\000\040\000t\000h\036\355\000\040\000p\000h\036\247\000n\000\040\000m\036\301\000m\000\040\000v\000\340\000\040\000t\000r\000i\036\303\000n\000\040\000k\000h\000a\000i\000\040\000t\000r\000a\000n\000g\000\040\000w\000e\000b}{}% 120
\BOOKMARK [1][-]{section*.372}{\376\377\0006\000.\0001\000.\000\040\000K\000i\036\303\000m\000\040\000t\000h\036\355\000\040\000c\000h\036\351\000c\000\040\000n\001\003\000n\000g\000\040\001\021\001\003\000n\000g\000\040\000n\000h\036\255\000p}{part*.371}% 121
\BOOKMARK [2][-]{section*.373}{\376\377\0006\000.\0001\000.\0001\000.\000\040\000B\036\243\000n\000g\000\040\000t\036\325\000n\000g\000\040\000h\036\343\000p}{section*.372}% 122
\BOOKMARK [2][-]{section*.375}{\376\377\0006\000.\0001\000.\0002\000.\000\040\000B\036\243\000n\000g\000\040\000c\000h\000i\000\040\000t\000i\036\277\000t}{section*.372}% 123
\BOOKMARK [1][-]{section*.380}{\376\377\0006\000.\0002\000.\000\040\000K\000i\036\303\000m\000\040\000t\000h\036\355\000\040\000c\000h\036\351\000c\000\040\000n\001\003\000n\000g\000\040\001\021\001\003\000n\000g\000\040\000k\000\375}{part*.371}% 124
\BOOKMARK [2][-]{section*.381}{\376\377\0006\000.\0002\000.\0001\000.\000\040\000B\036\243\000n\000g\000\040\000t\036\325\000n\000g\000\040\000h\036\343\000p}{section*.380}% 125
\BOOKMARK [2][-]{section*.383}{\376\377\0006\000.\0002\000.\0002\000.\000\040\000B\036\243\000n\000g\000\040\000c\000h\000i\000\040\000t\000i\036\277\000t}{section*.380}% 126
\BOOKMARK [1][-]{section*.387}{\376\377\0006\000.\0003\000.\000\040\000K\000i\036\303\000m\000\040\000t\000h\036\355\000\040\000c\000h\036\351\000c\000\040\000n\001\003\000n\000g\000\040\000t\000h\000i\036\277\000t\000\040\000l\036\255\000p\000\040\000l\036\313\000c\000h\000\040\000d\036\241\000y}{part*.371}% 127
\BOOKMARK [2][-]{section*.388}{\376\377\0006\000.\0003\000.\0001\000.\000\040\000B\036\243\000n\000g\000\040\000t\036\325\000n\000g\000\040\000h\036\343\000p}{section*.387}% 128
\BOOKMARK [2][-]{section*.390}{\376\377\0006\000.\0003\000.\0002\000.\000\040\000B\036\243\000n\000g\000\040\000c\000h\000i\000\040\000t\000i\036\277\000t}{section*.387}% 129
\BOOKMARK [1][-]{section*.393}{\376\377\0006\000.\0004\000.\000\040\000K\000i\036\303\000m\000\040\000t\000h\036\355\000\040\000c\000h\036\351\000c\000\040\000n\001\003\000n\000g\000\040\001\021\001\003\000n\000g\000\040\000k\000\375\000\040\000m\000\364\000n\000\040\000h\036\315\000c\000,\000\040\000t\000\354\000m\000\040\000v\000\340\000\040\000g\000h\000\351\000p\000\040\000c\036\267\000p\000\040\000t\000u\000t\000o\000r\000,\000\040\000t\000h\000i\036\277\000t\000\040\000l\036\255\000p\000\040\000h\036\323\000\040\000s\001\241}{part*.371}% 130
\BOOKMARK [2][-]{section*.394}{\376\377\0006\000.\0004\000.\0001\000.\000\040\000B\036\243\000n\000g\000\040\000t\036\325\000n\000g\000\040\000h\036\343\000p}{section*.393}% 131
\BOOKMARK [2][-]{section*.396}{\376\377\0006\000.\0004\000.\0002\000.\000\040\000B\036\243\000n\000g\000\040\000c\000h\000i\000\040\000t\000i\036\277\000t}{section*.393}% 132
\BOOKMARK [1][-]{section*.400}{\376\377\0006\000.\0005\000.\000\040\000Q\000u\000y\000\040\000t\000r\000\354\000n\000h\000\040\000t\000r\000i\036\303\000n\000\040\000k\000h\000a\000i}{part*.371}% 133
\BOOKMARK [2][-]{section*.401}{\376\377\0006\000.\0005\000.\0001\000.\000\040\000C\000h\000i\036\277\000n\000\040\000l\001\260\036\343\000c\000\040\000t\000r\000i\036\303\000n\000\040\000k\000h\000a\000i}{section*.400}% 134
\BOOKMARK [2][-]{section*.402}{\376\377\0006\000.\0005\000.\0002\000.\000\040\000T\000r\000i\036\303\000n\000\040\000k\000h\000a\000i\000\040\000B\000a\000c\000k\000e\000n\000d}{section*.400}% 135
\BOOKMARK [2][-]{section*.403}{\376\377\0006\000.\0005\000.\0003\000.\000\040\000T\000r\000i\036\303\000n\000\040\000k\000h\000a\000i\000\040\000F\000r\000o\000n\000t\000e\000n\000d}{section*.400}% 136
\BOOKMARK [2][-]{section*.404}{\376\377\0006\000.\0005\000.\0004\000.\000\040\000K\036\277\000t\000\040\000q\000u\036\243}{section*.400}% 137
\BOOKMARK [0][-]{part*.405}{\376\377\0007\000.\000\040\000Q\000u\000\341\000\040\000t\000r\000\354\000n\000h\000\040\000l\000\340\000m\000\040\000v\000i\036\307\000c\000\040\000t\000r\000\352\000n\000\040\000A\000z\000u\000r\000e\000\040\000D\000e\000v\000O\000p\000s}{}% 138
\BOOKMARK [1][-]{section*.406}{\376\377\0007\000.\0001\000.\000\040\000G\000i\036\333\000i\000\040\000t\000h\000i\036\307\000u\000\040\000q\000u\000y\000\040\000t\000r\000\354\000n\000h}{part*.405}% 139
\BOOKMARK [1][-]{section*.407}{\376\377\0007\000.\0002\000.\000\040\000B\000\341\000o\000\040\000c\000\341\000o\000\040\000t\000\354\000n\000h\000\040\000t\000r\036\241\000n\000g\000\040\000t\000h\000e\000o\000\040\000S\000p\000r\000i\000n\000t\000\040\0001}{part*.405}% 140
\BOOKMARK [1][-]{section*.410}{\376\377\0007\000.\0003\000.\000\040\000B\000\341\000o\000\040\000c\000\341\000o\000\040\000t\000\354\000n\000h\000\040\000t\000r\036\241\000n\000g\000\040\000t\000h\000e\000o\000\040\000S\000p\000r\000i\000n\000t\000\040\0002}{part*.405}% 141
\BOOKMARK [1][-]{section*.417}{\376\377\0007\000.\0004\000.\000\040\000B\000\341\000o\000\040\000c\000\341\000o\000\040\000t\000\354\000n\000h\000\040\000t\000r\036\241\000n\000g\000\040\000t\000h\000e\000o\000\040\000S\000p\000r\000i\000n\000t\000\040\0003}{part*.405}% 142
\BOOKMARK [1][-]{section*.421}{\376\377\0007\000.\0005\000.\000\040\000B\000\341\000o\000\040\000c\000\341\000o\000\040\000t\000\354\000n\000h\000\040\000t\000r\036\241\000n\000g\000\040\000t\000h\000e\000o\000\040\000S\000p\000r\000i\000n\000t\000\040\0004}{part*.405}% 143
\BOOKMARK [1][-]{section*.424}{\376\377\0007\000.\0006\000.\000\040\000B\000\341\000o\000\040\000c\000\341\000o\000\040\000t\000\354\000n\000h\000\040\000t\000r\036\241\000n\000g\000\040\000t\000h\000e\000o\000\040\000t\000h\000\340\000n\000h\000\040\000v\000i\000\352\000n\000:\000\040\000N\000g\000u\000y\036\305\000n\000\040\000T\036\245\000n\000\040\000P\000h\000\341\000t}{part*.405}% 144
\BOOKMARK [1][-]{section*.427}{\376\377\0007\000.\0007\000.\000\040\000B\000\341\000o\000\040\000c\000\341\000o\000\040\000t\000\354\000n\000h\000\040\000t\000r\036\241\000n\000g\000\040\000t\000h\000e\000o\000\040\000t\000h\000\340\000n\000h\000\040\000v\000i\000\352\000n\000:\000\040\000L\000\352\000\040\000D\000i\036\307\000u\000\040\000Q\000u\036\363\000n\000h}{part*.405}% 145
\BOOKMARK [1][-]{section*.430}{\376\377\0007\000.\0008\000.\000\040\000B\000\341\000o\000\040\000c\000\341\000o\000\040\000t\000\354\000n\000h\000\040\000t\000r\036\241\000n\000g\000\040\000t\000h\000e\000o\000\040\000t\000h\000\340\000n\000h\000\040\000v\000i\000\352\000n\000:\000\040\000V\001\151\000\040\000H\000\340\000\040\000N\000h\001\260\000\040\000N\000g\036\315\000c}{part*.405}% 146
\BOOKMARK [1][-]{section*.433}{\376\377\0007\000.\0009\000.\000\040\000B\000\341\000o\000\040\000c\000\341\000o\000\040\000t\000\354\000n\000h\000\040\000t\000r\036\241\000n\000g\000\040\000t\000h\000e\000o\000\040\000t\000h\000\340\000n\000h\000\040\000v\000i\000\352\000n\000:\000\040\000N\000g\000u\000y\036\305\000n\000\040\000N\000g\036\315\000c\000\040\000P\000h\000\341\000t}{part*.405}% 147
\BOOKMARK [1][-]{section*.436}{\376\377\0007\000.\0001\0000\000.\000\040\000B\000\341\000o\000\040\000c\000\341\000o\000\040\000t\000\354\000n\000h\000\040\000t\000r\036\241\000n\000g\000\040\000t\000h\000e\000o\000\040\000t\000h\000\340\000n\000h\000\040\000v\000i\000\352\000n\000:\000\040\000M\000\343\000\040\000N\000h\036\255\000t\000\040\000T\000i\036\277\000n}{part*.405}% 148
\BOOKMARK [1][-]{section*.439}{\376\377\0007\000.\0001\0001\000.\000\040\000B\000\341\000o\000\040\000c\000\341\000o\000\040\000t\000\354\000n\000h\000\040\000t\000r\036\241\000n\000g\000\040\000t\000h\000e\000o\000\040\000t\000h\000\340\000n\000h\000\040\000v\000i\000\352\000n\000:\000\040\000L\001\260\001\241\000n\000g\000\040\001\020\036\351\000c\000\040\000H\000u\000y}{part*.405}% 149
\BOOKMARK [1][-]{section*.442}{\376\377\0007\000.\0001\0002\000.\000\040\000B\000\341\000o\000\040\000c\000\341\000o\000\040\000t\000\354\000n\000h\000\040\000t\000r\036\241\000n\000g\000\040\000t\000h\000e\000o\000\040\000t\000h\000\340\000n\000h\000\040\000v\000i\000\352\000n\000:\000\040\000V\001\003\000n\000\040\000B\000\341\000\040\000T\000r\036\315\000n\000g\000\040\000K\000h\000i\000\352\000m}{part*.405}% 150
\BOOKMARK [1][-]{section*.446}{\376\377\0007\000.\0001\0003\000.\000\040\000B\000\341\000o\000\040\000c\000\341\000o\000\040\000t\000\354\000n\000h\000\040\000t\000r\036\241\000n\000g\000\040\000t\000h\000e\000o\000\040\000t\000h\000\340\000n\000h\000\040\000v\000i\000\352\000n\000:\000\040\000B\000\371\000i\000\040\000P\000h\000a\000n\000\040\000K\000h\000\341\000n\000h\000\040\000D\000u\000y}{part*.405}% 151
\BOOKMARK [0][-]{part*.449}{\376\377\0008\000.\000\040\000K\000h\000a\000i\000\040\000b\000\341\000o\000\040\000s\036\355\000\040\000d\036\345\000n\000g\000\040\000G\000e\000n\000e\000r\000a\000t\000i\000v\000e\000\040\000A\000I}{}% 152
\BOOKMARK [1][-]{section*.450}{\376\377\0008\000.\0001\000.\000\040\000T\000h\000\340\000n\000h\000\040\000p\000h\036\247\000n}{part*.449}% 153
\BOOKMARK [1][-]{section*.451}{\376\377\0008\000.\0002\000.\000\040\000M\036\351\000c\000\040\001\021\036\331\000\040\000v\000\340\000\040\000p\000h\036\241\000m\000\040\000v\000i\000\040\000s\036\355\000\040\000d\036\345\000n\000g\000\040\000G\000e\000n\000e\000r\000a\000t\000i\000v\000e\000\040\000A\000I}{part*.449}% 154
\BOOKMARK [0][-]{part*.452}{\376\377\0009\000.\000\040\000K\036\277\000t\000\040\000l\000u\036\255\000n}{}% 155
\BOOKMARK [1][-]{section*.453}{\376\377\0009\000.\0001\000.\000\040\000K\036\277\000t\000\040\000q\000u\036\243\000\040\001\021\036\241\000t\000\040\001\021\001\260\036\343\000c}{part*.452}% 156
\BOOKMARK [1][-]{section*.454}{\376\377\0009\000.\0002\000.\000\040\000B\000\340\000i\000\040\000h\036\315\000c\000\040\000k\000i\000n\000h\000\040\000n\000g\000h\000i\036\307\000m}{part*.452}% 157
\BOOKMARK [1][-]{section*.455}{\376\377\0009\000.\0003\000.\000\040\000H\001\260\036\333\000n\000g\000\040\000p\000h\000\341\000t\000\040\000t\000r\000i\036\303\000n\000\040\000t\000r\000o\000n\000g\000\040\000t\001\260\001\241\000n\000g\000\040\000l\000a\000i}{part*.452}% 158
